<html>
<head>
<title>TestNG:  Test</title>
<link href="../testng.css" rel="stylesheet" type="text/css" />
<link href="../my-testng.css" rel="stylesheet" type="text/css" />

<style type="text/css">
.log { display: none;} 
.stack-trace { display: none;} 
</style>
<script type="text/javascript">
<!--
function flip(e) {
  current = e.style.display;
  if (current == 'block') {
    e.style.display = 'none';
    return 0;
  }
  else {
    e.style.display = 'block';
    return 1;
  }
}

function toggleBox(szDivId, elem, msg1, msg2)
{
  var res = -1;  if (document.getElementById) {
    res = flip(document.getElementById(szDivId));
  }
  else if (document.all) {
    // this is the way old msie versions work
    res = flip(document.all[szDivId]);
  }
  if(elem) {
    if(res == 0) elem.innerHTML = msg1; else elem.innerHTML = msg2;
  }

}

function toggleAllBoxes() {
  if (document.getElementsByTagName) {
    d = document.getElementsByTagName('div');
    for (i = 0; i < d.length; i++) {
      if (d[i].className == 'log') {
        flip(d[i]);
      }
    }
  }
}

// -->
</script>

</head>
<body>
<h2 align='center'>Test</h2><table border='1' align="center">
<tr>
<td>Tests passed/Failed/Skipped:</td><td>69/7/2</td>
</tr><tr>
<td>Started on:</td><td>Tue Oct 22 17:36:53 PDT 2024</td>
</tr>
<tr><td>Total time:</td><td>44 seconds (44647 ms)</td>
</tr><tr>
<td>Included groups:</td><td></td>
</tr><tr>
<td>Excluded groups:</td><td></td>
</tr>
</table><p/>
<small><i>(Hover the method name to see the test class name)</i></small><p/>
<table width='100%' border='1' class='invocation-failed'>
<tr><td colspan='4' align='center'><b>FAILED TESTS</b></td></tr>
<tr><td><b>Test method</b></td>
<td width="30%"><b>Exception</b></td>
<td width="10%"><b>Time (seconds)</b></td>
<td><b>Instance</b></td>
</tr>
<tr>
<td title='sakkujava2.DemoTestNG.printdata1()'><b>printdata1</b><br>Test class: sakkujava2.DemoTestNG</td>
<td><div><pre>java.lang.AssertionError: expected [HelloO] but found [Hello]
	at sakkujava2.DemoTestNG.printdata1(DemoTestNG.java:25)
	at java.base/java.util.ArrayList.forEach(ArrayList.java:1597)
... Removed 31 stack frames</pre></div><a href='#' onClick='toggleBox("stack-trace138933223", this, "Click to show all stack frames", "Click to hide stack frames")'>Click to show all stack frames</a>
<div class='stack-trace' id='stack-trace138933223'><pre>java.lang.AssertionError: expected [HelloO] but found [Hello]
	at org.testng.Assert.fail(Assert.java:99)
	at org.testng.Assert.failNotEquals(Assert.java:1037)
	at org.testng.Assert.assertEqualsImpl(Assert.java:140)
	at org.testng.Assert.assertEquals(Assert.java:122)
	at org.testng.Assert.assertEquals(Assert.java:629)
	at org.testng.Assert.assertEquals(Assert.java:639)
	at sakkujava2.DemoTestNG.printdata1(DemoTestNG.java:25)
	at java.base/jdk.internal.reflect.DirectMethodHandleAccessor.invoke(DirectMethodHandleAccessor.java:103)
	at java.base/java.lang.reflect.Method.invoke(Method.java:580)
	at org.testng.internal.MethodInvocationHelper.invokeMethod(MethodInvocationHelper.java:133)
	at org.testng.internal.TestInvoker.invokeMethod(TestInvoker.java:598)
	at org.testng.internal.TestInvoker.invokeTestMethod(TestInvoker.java:173)
	at org.testng.internal.MethodRunner.runInSequence(MethodRunner.java:46)
	at org.testng.internal.TestInvoker$MethodInvocationAgent.invoke(TestInvoker.java:824)
	at org.testng.internal.TestInvoker.invokeTestMethods(TestInvoker.java:146)
	at org.testng.internal.TestMethodWorker.invokeTestMethods(TestMethodWorker.java:146)
	at org.testng.internal.TestMethodWorker.run(TestMethodWorker.java:128)
	at java.base/java.util.ArrayList.forEach(ArrayList.java:1597)
	at org.testng.TestRunner.privateRun(TestRunner.java:794)
	at org.testng.TestRunner.run(TestRunner.java:596)
	at org.testng.SuiteRunner.runTest(SuiteRunner.java:377)
	at org.testng.SuiteRunner.runSequentially(SuiteRunner.java:371)
	at org.testng.SuiteRunner.privateRun(SuiteRunner.java:332)
	at org.testng.SuiteRunner.run(SuiteRunner.java:276)
	at org.testng.SuiteRunnerWorker.runSuite(SuiteRunnerWorker.java:53)
	at org.testng.SuiteRunnerWorker.run(SuiteRunnerWorker.java:96)
	at org.testng.TestNG.runSuitesSequentially(TestNG.java:1212)
	at org.testng.TestNG.runSuitesLocally(TestNG.java:1134)
	at org.testng.TestNG.runSuites(TestNG.java:1063)
	at org.testng.TestNG.run(TestNG.java:1031)
	at org.testng.remote.AbstractRemoteTestNG.run(AbstractRemoteTestNG.java:115)
	at org.testng.remote.RemoteTestNG.initAndRun(RemoteTestNG.java:293)
	at org.testng.remote.RemoteTestNG.main(RemoteTestNG.java:91)
</pre></div></td>
<td>0</td>
<td>sakkujava2.DemoTestNG@dd0c991</td></tr>
<tr>
<td title='testngdemo.DemoTestNG.printdata()'><b>printdata</b><br>Test class: testngdemo.DemoTestNG</td>
<td><div><pre>java.lang.AssertionError: expected [2000] but found [200]
	at testngdemo.DemoTestNG.printdata(DemoTestNG.java:15)
	at java.base/java.util.ArrayList.forEach(ArrayList.java:1597)
... Removed 31 stack frames</pre></div><a href='#' onClick='toggleBox("stack-trace1927499639", this, "Click to show all stack frames", "Click to hide stack frames")'>Click to show all stack frames</a>
<div class='stack-trace' id='stack-trace1927499639'><pre>java.lang.AssertionError: expected [2000] but found [200]
	at org.testng.Assert.fail(Assert.java:99)
	at org.testng.Assert.failNotEquals(Assert.java:1037)
	at org.testng.Assert.assertEqualsImpl(Assert.java:140)
	at org.testng.Assert.assertEquals(Assert.java:122)
	at org.testng.Assert.assertEquals(Assert.java:907)
	at org.testng.Assert.assertEquals(Assert.java:917)
	at testngdemo.DemoTestNG.printdata(DemoTestNG.java:15)
	at java.base/jdk.internal.reflect.DirectMethodHandleAccessor.invoke(DirectMethodHandleAccessor.java:103)
	at java.base/java.lang.reflect.Method.invoke(Method.java:580)
	at org.testng.internal.MethodInvocationHelper.invokeMethod(MethodInvocationHelper.java:133)
	at org.testng.internal.TestInvoker.invokeMethod(TestInvoker.java:598)
	at org.testng.internal.TestInvoker.invokeTestMethod(TestInvoker.java:173)
	at org.testng.internal.MethodRunner.runInSequence(MethodRunner.java:46)
	at org.testng.internal.TestInvoker$MethodInvocationAgent.invoke(TestInvoker.java:824)
	at org.testng.internal.TestInvoker.invokeTestMethods(TestInvoker.java:146)
	at org.testng.internal.TestMethodWorker.invokeTestMethods(TestMethodWorker.java:146)
	at org.testng.internal.TestMethodWorker.run(TestMethodWorker.java:128)
	at java.base/java.util.ArrayList.forEach(ArrayList.java:1597)
	at org.testng.TestRunner.privateRun(TestRunner.java:794)
	at org.testng.TestRunner.run(TestRunner.java:596)
	at org.testng.SuiteRunner.runTest(SuiteRunner.java:377)
	at org.testng.SuiteRunner.runSequentially(SuiteRunner.java:371)
	at org.testng.SuiteRunner.privateRun(SuiteRunner.java:332)
	at org.testng.SuiteRunner.run(SuiteRunner.java:276)
	at org.testng.SuiteRunnerWorker.runSuite(SuiteRunnerWorker.java:53)
	at org.testng.SuiteRunnerWorker.run(SuiteRunnerWorker.java:96)
	at org.testng.TestNG.runSuitesSequentially(TestNG.java:1212)
	at org.testng.TestNG.runSuitesLocally(TestNG.java:1134)
	at org.testng.TestNG.runSuites(TestNG.java:1063)
	at org.testng.TestNG.run(TestNG.java:1031)
	at org.testng.remote.AbstractRemoteTestNG.run(AbstractRemoteTestNG.java:115)
	at org.testng.remote.RemoteTestNG.initAndRun(RemoteTestNG.java:293)
	at org.testng.remote.RemoteTestNG.main(RemoteTestNG.java:91)
</pre></div></td>
<td>0</td>
<td>testngdemo.DemoTestNG@313b2ea6</td></tr>
<tr>
<td title='sakkujava2.DemoTestNG.printdata()'><b>printdata</b><br>Test class: sakkujava2.DemoTestNG</td>
<td><div><pre>java.lang.AssertionError: expected [2000] but found [200]
	at sakkujava2.DemoTestNG.printdata(DemoTestNG.java:15)
	at java.base/java.util.ArrayList.forEach(ArrayList.java:1597)
... Removed 31 stack frames</pre></div><a href='#' onClick='toggleBox("stack-trace731610911", this, "Click to show all stack frames", "Click to hide stack frames")'>Click to show all stack frames</a>
<div class='stack-trace' id='stack-trace731610911'><pre>java.lang.AssertionError: expected [2000] but found [200]
	at org.testng.Assert.fail(Assert.java:99)
	at org.testng.Assert.failNotEquals(Assert.java:1037)
	at org.testng.Assert.assertEqualsImpl(Assert.java:140)
	at org.testng.Assert.assertEquals(Assert.java:122)
	at org.testng.Assert.assertEquals(Assert.java:907)
	at org.testng.Assert.assertEquals(Assert.java:917)
	at sakkujava2.DemoTestNG.printdata(DemoTestNG.java:15)
	at java.base/jdk.internal.reflect.DirectMethodHandleAccessor.invoke(DirectMethodHandleAccessor.java:103)
	at java.base/java.lang.reflect.Method.invoke(Method.java:580)
	at org.testng.internal.MethodInvocationHelper.invokeMethod(MethodInvocationHelper.java:133)
	at org.testng.internal.TestInvoker.invokeMethod(TestInvoker.java:598)
	at org.testng.internal.TestInvoker.invokeTestMethod(TestInvoker.java:173)
	at org.testng.internal.MethodRunner.runInSequence(MethodRunner.java:46)
	at org.testng.internal.TestInvoker$MethodInvocationAgent.invoke(TestInvoker.java:824)
	at org.testng.internal.TestInvoker.invokeTestMethods(TestInvoker.java:146)
	at org.testng.internal.TestMethodWorker.invokeTestMethods(TestMethodWorker.java:146)
	at org.testng.internal.TestMethodWorker.run(TestMethodWorker.java:128)
	at java.base/java.util.ArrayList.forEach(ArrayList.java:1597)
	at org.testng.TestRunner.privateRun(TestRunner.java:794)
	at org.testng.TestRunner.run(TestRunner.java:596)
	at org.testng.SuiteRunner.runTest(SuiteRunner.java:377)
	at org.testng.SuiteRunner.runSequentially(SuiteRunner.java:371)
	at org.testng.SuiteRunner.privateRun(SuiteRunner.java:332)
	at org.testng.SuiteRunner.run(SuiteRunner.java:276)
	at org.testng.SuiteRunnerWorker.runSuite(SuiteRunnerWorker.java:53)
	at org.testng.SuiteRunnerWorker.run(SuiteRunnerWorker.java:96)
	at org.testng.TestNG.runSuitesSequentially(TestNG.java:1212)
	at org.testng.TestNG.runSuitesLocally(TestNG.java:1134)
	at org.testng.TestNG.runSuites(TestNG.java:1063)
	at org.testng.TestNG.run(TestNG.java:1031)
	at org.testng.remote.AbstractRemoteTestNG.run(AbstractRemoteTestNG.java:115)
	at org.testng.remote.RemoteTestNG.initAndRun(RemoteTestNG.java:293)
	at org.testng.remote.RemoteTestNG.main(RemoteTestNG.java:91)
</pre></div></td>
<td>0</td>
<td>sakkujava2.DemoTestNG@dd0c991</td></tr>
<tr>
<td title='org.abc.tt.OrgABCinsta.singup()'><b>singup</b><br>Test class: org.abc.tt.OrgABCinsta</td>
<td><div><pre>org.openqa.selenium.NoSuchElementException: no such element: Unable to locate element: {&quot;method&quot;:&quot;css selector&quot;,&quot;selector&quot;:&quot;.websubmit&quot;}
  (Session info: MicrosoftEdge=129.0.2792.89)
For documentation on this error, please visit: https://www.selenium.dev/documentation/webdriver/troubleshooting/errors#no-such-element-exception
Build info: version: &apos;4.25.0&apos;, revision: &apos;8a8aea2337&apos;
System info: os.name: &apos;Windows 11&apos;, os.arch: &apos;amd64&apos;, os.version: &apos;10.0&apos;, java.version: &apos;23&apos;
Driver info: org.openqa.selenium.edge.EdgeDriver
Command: [1f44a3e57e87717bda6b7bd31c0a50ca, findElement {value=websubmit, using=class name}]
Capabilities {acceptInsecureCerts: false, browserName: MicrosoftEdge, browserVersion: 129.0.2792.89, fedcm:accounts: true, ms:edgeOptions: {debuggerAddress: localhost:57074}, msedge: {msedgedriverVersion: 129.0.2792.89 (65986ec8d2a8..., userDataDir: C:\Users\sakku\AppData\Loca...}, networkConnectionEnabled: false, pageLoadStrategy: normal, platformName: windows, proxy: Proxy(), se:cdp: ws://localhost:57074/devtoo..., se:cdpVersion: 129.0.2792.89, setWindowRect: true, strictFileInteractability: false, timeouts: {implicit: 0, pageLoad: 300000, script: 30000}, unhandledPromptBehavior: dismiss and notify, webauthn:extension:credBlob: true, webauthn:extension:largeBlob: true, webauthn:extension:minPinLength: true, webauthn:extension:prf: true, webauthn:virtualAuthenticators: true}
Session ID: 1f44a3e57e87717bda6b7bd31c0a50ca
	at org.openqa.selenium.remote.ErrorCodec.decode(ErrorCodec.java:167)
	at org.openqa.selenium.remote.codec.w3c.W3CHttpResponseCodec.decode(W3CHttpResponseCodec.java:138)
	at org.openqa.selenium.remote.codec.w3c.W3CHttpResponseCodec.decode(W3CHttpResponseCodec.java:50)
	at org.openqa.selenium.remote.HttpCommandExecutor.execute(HttpCommandExecutor.java:190)
	at org.openqa.selenium.remote.service.DriverCommandExecutor.invokeExecute(DriverCommandExecutor.java:216)
	at org.openqa.selenium.remote.service.DriverCommandExecutor.execute(DriverCommandExecutor.java:174)
	at org.openqa.selenium.remote.RemoteWebDriver.execute(RemoteWebDriver.java:545)
	at org.openqa.selenium.remote.ElementLocation$ElementFinder$2.findElement(ElementLocation.java:165)
	at org.openqa.selenium.remote.ElementLocation.findElement(ElementLocation.java:66)
	at org.openqa.selenium.remote.RemoteWebDriver.findElement(RemoteWebDriver.java:368)
	at org.openqa.selenium.remote.RemoteWebDriver.findElement(RemoteWebDriver.java:362)
	at org.abc.tt.OrgABCinsta.singup(OrgABCinsta.java:39)
	at java.base/java.util.ArrayList.forEach(ArrayList.java:1597)
... Removed 28 stack frames</pre></div><a href='#' onClick='toggleBox("stack-trace684230144", this, "Click to show all stack frames", "Click to hide stack frames")'>Click to show all stack frames</a>
<div class='stack-trace' id='stack-trace684230144'><pre>org.openqa.selenium.NoSuchElementException: no such element: Unable to locate element: {&quot;method&quot;:&quot;css selector&quot;,&quot;selector&quot;:&quot;.websubmit&quot;}
  (Session info: MicrosoftEdge=129.0.2792.89)
For documentation on this error, please visit: https://www.selenium.dev/documentation/webdriver/troubleshooting/errors#no-such-element-exception
Build info: version: &apos;4.25.0&apos;, revision: &apos;8a8aea2337&apos;
System info: os.name: &apos;Windows 11&apos;, os.arch: &apos;amd64&apos;, os.version: &apos;10.0&apos;, java.version: &apos;23&apos;
Driver info: org.openqa.selenium.edge.EdgeDriver
Command: [1f44a3e57e87717bda6b7bd31c0a50ca, findElement {value=websubmit, using=class name}]
Capabilities {acceptInsecureCerts: false, browserName: MicrosoftEdge, browserVersion: 129.0.2792.89, fedcm:accounts: true, ms:edgeOptions: {debuggerAddress: localhost:57074}, msedge: {msedgedriverVersion: 129.0.2792.89 (65986ec8d2a8..., userDataDir: C:\Users\sakku\AppData\Loca...}, networkConnectionEnabled: false, pageLoadStrategy: normal, platformName: windows, proxy: Proxy(), se:cdp: ws://localhost:57074/devtoo..., se:cdpVersion: 129.0.2792.89, setWindowRect: true, strictFileInteractability: false, timeouts: {implicit: 0, pageLoad: 300000, script: 30000}, unhandledPromptBehavior: dismiss and notify, webauthn:extension:credBlob: true, webauthn:extension:largeBlob: true, webauthn:extension:minPinLength: true, webauthn:extension:prf: true, webauthn:virtualAuthenticators: true}
Session ID: 1f44a3e57e87717bda6b7bd31c0a50ca
	at java.base/jdk.internal.reflect.DirectConstructorHandleAccessor.newInstance(DirectConstructorHandleAccessor.java:62)
	at java.base/java.lang.reflect.Constructor.newInstanceWithCaller(Constructor.java:501)
	at java.base/java.lang.reflect.Constructor.newInstance(Constructor.java:485)
	at org.openqa.selenium.remote.ErrorCodec.decode(ErrorCodec.java:167)
	at org.openqa.selenium.remote.codec.w3c.W3CHttpResponseCodec.decode(W3CHttpResponseCodec.java:138)
	at org.openqa.selenium.remote.codec.w3c.W3CHttpResponseCodec.decode(W3CHttpResponseCodec.java:50)
	at org.openqa.selenium.remote.HttpCommandExecutor.execute(HttpCommandExecutor.java:190)
	at org.openqa.selenium.remote.service.DriverCommandExecutor.invokeExecute(DriverCommandExecutor.java:216)
	at org.openqa.selenium.remote.service.DriverCommandExecutor.execute(DriverCommandExecutor.java:174)
	at org.openqa.selenium.remote.RemoteWebDriver.execute(RemoteWebDriver.java:545)
	at org.openqa.selenium.remote.ElementLocation$ElementFinder$2.findElement(ElementLocation.java:165)
	at org.openqa.selenium.remote.ElementLocation.findElement(ElementLocation.java:66)
	at org.openqa.selenium.remote.RemoteWebDriver.findElement(RemoteWebDriver.java:368)
	at org.openqa.selenium.remote.RemoteWebDriver.findElement(RemoteWebDriver.java:362)
	at org.abc.tt.OrgABCinsta.singup(OrgABCinsta.java:39)
	at java.base/jdk.internal.reflect.DirectMethodHandleAccessor.invoke(DirectMethodHandleAccessor.java:103)
	at java.base/java.lang.reflect.Method.invoke(Method.java:580)
	at org.testng.internal.MethodInvocationHelper.invokeMethod(MethodInvocationHelper.java:133)
	at org.testng.internal.TestInvoker.invokeMethod(TestInvoker.java:598)
	at org.testng.internal.TestInvoker.invokeTestMethod(TestInvoker.java:173)
	at org.testng.internal.MethodRunner.runInSequence(MethodRunner.java:46)
	at org.testng.internal.TestInvoker$MethodInvocationAgent.invoke(TestInvoker.java:824)
	at org.testng.internal.TestInvoker.invokeTestMethods(TestInvoker.java:146)
	at org.testng.internal.TestMethodWorker.invokeTestMethods(TestMethodWorker.java:146)
	at org.testng.internal.TestMethodWorker.run(TestMethodWorker.java:128)
	at java.base/java.util.ArrayList.forEach(ArrayList.java:1597)
	at org.testng.TestRunner.privateRun(TestRunner.java:794)
	at org.testng.TestRunner.run(TestRunner.java:596)
	at org.testng.SuiteRunner.runTest(SuiteRunner.java:377)
	at org.testng.SuiteRunner.runSequentially(SuiteRunner.java:371)
	at org.testng.SuiteRunner.privateRun(SuiteRunner.java:332)
	at org.testng.SuiteRunner.run(SuiteRunner.java:276)
	at org.testng.SuiteRunnerWorker.runSuite(SuiteRunnerWorker.java:53)
	at org.testng.SuiteRunnerWorker.run(SuiteRunnerWorker.java:96)
	at org.testng.TestNG.runSuitesSequentially(TestNG.java:1212)
	at org.testng.TestNG.runSuitesLocally(TestNG.java:1134)
	at org.testng.TestNG.runSuites(TestNG.java:1063)
	at org.testng.TestNG.run(TestNG.java:1031)
	at org.testng.remote.AbstractRemoteTestNG.run(AbstractRemoteTestNG.java:115)
	at org.testng.remote.RemoteTestNG.initAndRun(RemoteTestNG.java:293)
	at org.testng.remote.RemoteTestNG.main(RemoteTestNG.java:91)
</pre></div></td>
<td>1</td>
<td>org.abc.tt.OrgABCinsta@175b9425</td></tr>
<tr>
<td title='org.abc.tt.Fetchdata.logindata()'><b>logindata</b><br>Test class: org.abc.tt.Fetchdata</td>
<td><div><pre>java.lang.AssertionError: expected [Login &amp; Signup Form] but found [Facebook - log in or sign up]
	at org.abc.tt.Fetchdata.logindata(Fetchdata.java:34)
	at java.base/java.util.ArrayList.forEach(ArrayList.java:1597)
... Removed 31 stack frames</pre></div><a href='#' onClick='toggleBox("stack-trace1115381650", this, "Click to show all stack frames", "Click to hide stack frames")'>Click to show all stack frames</a>
<div class='stack-trace' id='stack-trace1115381650'><pre>java.lang.AssertionError: expected [Login &amp; Signup Form] but found [Facebook - log in or sign up]
	at org.testng.Assert.fail(Assert.java:99)
	at org.testng.Assert.failNotEquals(Assert.java:1037)
	at org.testng.Assert.assertEqualsImpl(Assert.java:140)
	at org.testng.Assert.assertEquals(Assert.java:122)
	at org.testng.Assert.assertEquals(Assert.java:629)
	at org.testng.Assert.assertEquals(Assert.java:639)
	at org.abc.tt.Fetchdata.logindata(Fetchdata.java:34)
	at java.base/jdk.internal.reflect.DirectMethodHandleAccessor.invoke(DirectMethodHandleAccessor.java:103)
	at java.base/java.lang.reflect.Method.invoke(Method.java:580)
	at org.testng.internal.MethodInvocationHelper.invokeMethod(MethodInvocationHelper.java:133)
	at org.testng.internal.TestInvoker.invokeMethod(TestInvoker.java:598)
	at org.testng.internal.TestInvoker.invokeTestMethod(TestInvoker.java:173)
	at org.testng.internal.MethodRunner.runInSequence(MethodRunner.java:46)
	at org.testng.internal.TestInvoker$MethodInvocationAgent.invoke(TestInvoker.java:824)
	at org.testng.internal.TestInvoker.invokeTestMethods(TestInvoker.java:146)
	at org.testng.internal.TestMethodWorker.invokeTestMethods(TestMethodWorker.java:146)
	at org.testng.internal.TestMethodWorker.run(TestMethodWorker.java:128)
	at java.base/java.util.ArrayList.forEach(ArrayList.java:1597)
	at org.testng.TestRunner.privateRun(TestRunner.java:794)
	at org.testng.TestRunner.run(TestRunner.java:596)
	at org.testng.SuiteRunner.runTest(SuiteRunner.java:377)
	at org.testng.SuiteRunner.runSequentially(SuiteRunner.java:371)
	at org.testng.SuiteRunner.privateRun(SuiteRunner.java:332)
	at org.testng.SuiteRunner.run(SuiteRunner.java:276)
	at org.testng.SuiteRunnerWorker.runSuite(SuiteRunnerWorker.java:53)
	at org.testng.SuiteRunnerWorker.run(SuiteRunnerWorker.java:96)
	at org.testng.TestNG.runSuitesSequentially(TestNG.java:1212)
	at org.testng.TestNG.runSuitesLocally(TestNG.java:1134)
	at org.testng.TestNG.runSuites(TestNG.java:1063)
	at org.testng.TestNG.run(TestNG.java:1031)
	at org.testng.remote.AbstractRemoteTestNG.run(AbstractRemoteTestNG.java:115)
	at org.testng.remote.RemoteTestNG.initAndRun(RemoteTestNG.java:293)
	at org.testng.remote.RemoteTestNG.main(RemoteTestNG.java:91)
</pre></div></td>
<td>3</td>
<td>org.abc.tt.Fetchdata@5f8edcc5</td></tr>
<tr>
<td title='org.abc.tt.Waitswebdriver.logindata()'><b>logindata</b><br>Test class: org.abc.tt.Waitswebdriver</td>
<td><div><pre>java.lang.UnsupportedOperationException: You may only deselect options of a multi-select
	at org.openqa.selenium.support.ui.Select.deselectByVisibleText(Select.java:270)
	at org.abc.tt.Waitswebdriver.logindata(Waitswebdriver.java:49)
	at java.base/java.util.ArrayList.forEach(ArrayList.java:1597)
... Removed 25 stack frames</pre></div><a href='#' onClick='toggleBox("stack-trace478182173", this, "Click to show all stack frames", "Click to hide stack frames")'>Click to show all stack frames</a>
<div class='stack-trace' id='stack-trace478182173'><pre>java.lang.UnsupportedOperationException: You may only deselect options of a multi-select
	at org.openqa.selenium.support.ui.Select.deselectByVisibleText(Select.java:270)
	at org.abc.tt.Waitswebdriver.logindata(Waitswebdriver.java:49)
	at java.base/jdk.internal.reflect.DirectMethodHandleAccessor.invoke(DirectMethodHandleAccessor.java:103)
	at java.base/java.lang.reflect.Method.invoke(Method.java:580)
	at org.testng.internal.MethodInvocationHelper.invokeMethod(MethodInvocationHelper.java:133)
	at org.testng.internal.TestInvoker.invokeMethod(TestInvoker.java:598)
	at org.testng.internal.TestInvoker.invokeTestMethod(TestInvoker.java:173)
	at org.testng.internal.MethodRunner.runInSequence(MethodRunner.java:46)
	at org.testng.internal.TestInvoker$MethodInvocationAgent.invoke(TestInvoker.java:824)
	at org.testng.internal.TestInvoker.invokeTestMethods(TestInvoker.java:146)
	at org.testng.internal.TestMethodWorker.invokeTestMethods(TestMethodWorker.java:146)
	at org.testng.internal.TestMethodWorker.run(TestMethodWorker.java:128)
	at java.base/java.util.ArrayList.forEach(ArrayList.java:1597)
	at org.testng.TestRunner.privateRun(TestRunner.java:794)
	at org.testng.TestRunner.run(TestRunner.java:596)
	at org.testng.SuiteRunner.runTest(SuiteRunner.java:377)
	at org.testng.SuiteRunner.runSequentially(SuiteRunner.java:371)
	at org.testng.SuiteRunner.privateRun(SuiteRunner.java:332)
	at org.testng.SuiteRunner.run(SuiteRunner.java:276)
	at org.testng.SuiteRunnerWorker.runSuite(SuiteRunnerWorker.java:53)
	at org.testng.SuiteRunnerWorker.run(SuiteRunnerWorker.java:96)
	at org.testng.TestNG.runSuitesSequentially(TestNG.java:1212)
	at org.testng.TestNG.runSuitesLocally(TestNG.java:1134)
	at org.testng.TestNG.runSuites(TestNG.java:1063)
	at org.testng.TestNG.run(TestNG.java:1031)
	at org.testng.remote.AbstractRemoteTestNG.run(AbstractRemoteTestNG.java:115)
	at org.testng.remote.RemoteTestNG.initAndRun(RemoteTestNG.java:293)
	at org.testng.remote.RemoteTestNG.main(RemoteTestNG.java:91)
</pre></div></td>
<td>5</td>
<td>org.abc.tt.Waitswebdriver@2f465398</td></tr>
<tr>
<td title='testngdemo.DemoTestNG.printdata1()'><b>printdata1</b><br>Test class: testngdemo.DemoTestNG</td>
<td><div><pre>java.lang.AssertionError: expected [HelloO] but found [Hello]
	at testngdemo.DemoTestNG.printdata1(DemoTestNG.java:25)
	at java.base/java.util.ArrayList.forEach(ArrayList.java:1597)
... Removed 31 stack frames</pre></div><a href='#' onClick='toggleBox("stack-trace1873121466", this, "Click to show all stack frames", "Click to hide stack frames")'>Click to show all stack frames</a>
<div class='stack-trace' id='stack-trace1873121466'><pre>java.lang.AssertionError: expected [HelloO] but found [Hello]
	at org.testng.Assert.fail(Assert.java:99)
	at org.testng.Assert.failNotEquals(Assert.java:1037)
	at org.testng.Assert.assertEqualsImpl(Assert.java:140)
	at org.testng.Assert.assertEquals(Assert.java:122)
	at org.testng.Assert.assertEquals(Assert.java:629)
	at org.testng.Assert.assertEquals(Assert.java:639)
	at testngdemo.DemoTestNG.printdata1(DemoTestNG.java:25)
	at java.base/jdk.internal.reflect.DirectMethodHandleAccessor.invoke(DirectMethodHandleAccessor.java:103)
	at java.base/java.lang.reflect.Method.invoke(Method.java:580)
	at org.testng.internal.MethodInvocationHelper.invokeMethod(MethodInvocationHelper.java:133)
	at org.testng.internal.TestInvoker.invokeMethod(TestInvoker.java:598)
	at org.testng.internal.TestInvoker.invokeTestMethod(TestInvoker.java:173)
	at org.testng.internal.MethodRunner.runInSequence(MethodRunner.java:46)
	at org.testng.internal.TestInvoker$MethodInvocationAgent.invoke(TestInvoker.java:824)
	at org.testng.internal.TestInvoker.invokeTestMethods(TestInvoker.java:146)
	at org.testng.internal.TestMethodWorker.invokeTestMethods(TestMethodWorker.java:146)
	at org.testng.internal.TestMethodWorker.run(TestMethodWorker.java:128)
	at java.base/java.util.ArrayList.forEach(ArrayList.java:1597)
	at org.testng.TestRunner.privateRun(TestRunner.java:794)
	at org.testng.TestRunner.run(TestRunner.java:596)
	at org.testng.SuiteRunner.runTest(SuiteRunner.java:377)
	at org.testng.SuiteRunner.runSequentially(SuiteRunner.java:371)
	at org.testng.SuiteRunner.privateRun(SuiteRunner.java:332)
	at org.testng.SuiteRunner.run(SuiteRunner.java:276)
	at org.testng.SuiteRunnerWorker.runSuite(SuiteRunnerWorker.java:53)
	at org.testng.SuiteRunnerWorker.run(SuiteRunnerWorker.java:96)
	at org.testng.TestNG.runSuitesSequentially(TestNG.java:1212)
	at org.testng.TestNG.runSuitesLocally(TestNG.java:1134)
	at org.testng.TestNG.runSuites(TestNG.java:1063)
	at org.testng.TestNG.run(TestNG.java:1031)
	at org.testng.remote.AbstractRemoteTestNG.run(AbstractRemoteTestNG.java:115)
	at org.testng.remote.RemoteTestNG.initAndRun(RemoteTestNG.java:293)
	at org.testng.remote.RemoteTestNG.main(RemoteTestNG.java:91)
</pre></div></td>
<td>0</td>
<td>testngdemo.DemoTestNG@313b2ea6</td></tr>
</table><p>
<table width='100%' border='1' class='invocation-passed'>
<tr><td colspan='4' align='center'><b>PASSED TESTS</b></td></tr>
<tr><td><b>Test method</b></td>
<td width="30%"><b>Exception</b></td>
<td width="10%"><b>Time (seconds)</b></td>
<td><b>Instance</b></td>
</tr>
<tr>
<td title='sakkujava2.DemoTestNG3.printdata()'><b>printdata</b><br>Test class: sakkujava2.DemoTestNG3</td>
<td></td>
<td>0</td>
<td>sakkujava2.DemoTestNG3@28975c28</td></tr>
<tr>
<td title='testngdemo.DemoTestNG4.printdata1()'><b>printdata1</b><br>Test class: testngdemo.DemoTestNG4</td>
<td></td>
<td>0</td>
<td>testngdemo.DemoTestNG4@5f16132a</td></tr>
<tr>
<td title='sakkujava2.DemoTestNG6.printdata1()'><b>printdata1</b><br>Test class: sakkujava2.DemoTestNG6</td>
<td></td>
<td>0</td>
<td>sakkujava2.DemoTestNG6@574b560f</td></tr>
<tr>
<td title='testngdemo.DemoTestNG8.printdata()'><b>printdata</b><br>Test class: testngdemo.DemoTestNG8</td>
<td></td>
<td>0</td>
<td>testngdemo.DemoTestNG8@36d585c</td></tr>
<tr>
<td title='sakkujava2.DemoTestNG8.printdata2()'><b>printdata2</b><br>Test class: sakkujava2.DemoTestNG8</td>
<td></td>
<td>0</td>
<td>sakkujava2.DemoTestNG8@757acd7b</td></tr>
<tr>
<td title='testngdemo.DemoTestNG2.printdata()'><b>printdata</b><br>Test class: testngdemo.DemoTestNG2</td>
<td></td>
<td>0</td>
<td>testngdemo.DemoTestNG2@ba54932</td></tr>
<tr>
<td title='testngdemo.DemoTestNG3.printdata()'><b>printdata</b><br>Test class: testngdemo.DemoTestNG3</td>
<td></td>
<td>0</td>
<td>testngdemo.DemoTestNG3@3943a2be</td></tr>
<tr>
<td title='sakkujava2.DemoTestNG5.printdata3()'><b>printdata3</b><br>Test class: sakkujava2.DemoTestNG5</td>
<td></td>
<td>0</td>
<td>sakkujava2.DemoTestNG5@36b4fe2a</td></tr>
<tr>
<td title='testngdemo.DemoTestNG3.printdata2()'><b>printdata2</b><br>Test class: testngdemo.DemoTestNG3</td>
<td></td>
<td>0</td>
<td>testngdemo.DemoTestNG3@3943a2be</td></tr>
<tr>
<td title='testngdemo.DemoTestNG6.printdata1()'><b>printdata1</b><br>Test class: testngdemo.DemoTestNG6</td>
<td></td>
<td>0</td>
<td>testngdemo.DemoTestNG6@236e3f4e</td></tr>
<tr>
<td title='testngdemo.DemoTestNG5.printdata2()'><b>printdata2</b><br>Test class: testngdemo.DemoTestNG5</td>
<td></td>
<td>0</td>
<td>testngdemo.DemoTestNG5@69fb6037</td></tr>
<tr>
<td title='sakkujava2.DemoTestNG9.printdata3()'><b>printdata3</b><br>Test class: sakkujava2.DemoTestNG9</td>
<td></td>
<td>0</td>
<td>sakkujava2.DemoTestNG9@87a85e1</td></tr>
<tr>
<td title='sakkujava2.DemoTestNG3.printdata1()'><b>printdata1</b><br>Test class: sakkujava2.DemoTestNG3</td>
<td></td>
<td>0</td>
<td>sakkujava2.DemoTestNG3@28975c28</td></tr>
<tr>
<td title='sakkujava2.DemoTestNG3.printdata2()'><b>printdata2</b><br>Test class: sakkujava2.DemoTestNG3</td>
<td></td>
<td>0</td>
<td>sakkujava2.DemoTestNG3@28975c28</td></tr>
<tr>
<td title='testngdemo.DemoTestNG3.printdata3()'><b>printdata3</b><br>Test class: testngdemo.DemoTestNG3</td>
<td></td>
<td>0</td>
<td>testngdemo.DemoTestNG3@3943a2be</td></tr>
<tr>
<td title='testngdemo.DemoTestNG4.printdata()'><b>printdata</b><br>Test class: testngdemo.DemoTestNG4</td>
<td></td>
<td>0</td>
<td>testngdemo.DemoTestNG4@5f16132a</td></tr>
<tr>
<td title='testngdemo.DemoTestNG7.printdata()'><b>printdata</b><br>Test class: testngdemo.DemoTestNG7</td>
<td></td>
<td>0</td>
<td>testngdemo.DemoTestNG7@3cc1435c</td></tr>
<tr>
<td title='sakkujava2.DemoTestNG4.printdata2()'><b>printdata2</b><br>Test class: sakkujava2.DemoTestNG4</td>
<td></td>
<td>0</td>
<td>sakkujava2.DemoTestNG4@343570b7</td></tr>
<tr>
<td title='org.abc.tt.Handlerkeymouse.keybord()'><b>keybord</b><br>Test class: org.abc.tt.Handlerkeymouse</td>
<td></td>
<td>21</td>
<td>org.abc.tt.Handlerkeymouse@157853da</td></tr>
<tr>
<td title='sakkujava2.DemoTestNG2.printdata2()'><b>printdata2</b><br>Test class: sakkujava2.DemoTestNG2</td>
<td></td>
<td>0</td>
<td>sakkujava2.DemoTestNG2@71c3b41</td></tr>
<tr>
<td title='testngdemo.DemoTestNG2.printdata1()'><b>printdata1</b><br>Test class: testngdemo.DemoTestNG2</td>
<td></td>
<td>0</td>
<td>testngdemo.DemoTestNG2@ba54932</td></tr>
<tr>
<td title='sakkujava2.DemoTestNG5.printdata()'><b>printdata</b><br>Test class: sakkujava2.DemoTestNG5</td>
<td></td>
<td>0</td>
<td>sakkujava2.DemoTestNG5@36b4fe2a</td></tr>
<tr>
<td title='sakkujava2.DemoTestNG2.printdata3()'><b>printdata3</b><br>Test class: sakkujava2.DemoTestNG2</td>
<td></td>
<td>0</td>
<td>sakkujava2.DemoTestNG2@71c3b41</td></tr>
<tr>
<td title='testngdemo.DemoTestNG7.printdata3()'><b>printdata3</b><br>Test class: testngdemo.DemoTestNG7</td>
<td></td>
<td>0</td>
<td>testngdemo.DemoTestNG7@3cc1435c</td></tr>
<tr>
<td title='sakkujava2.DemoTestNG7.printdata()'><b>printdata</b><br>Test class: sakkujava2.DemoTestNG7</td>
<td></td>
<td>0</td>
<td>sakkujava2.DemoTestNG7@11c9af63</td></tr>
<tr>
<td title='org.abc.tt.OrgABCinsta.login_f()'><b>login_f</b><br>Test class: org.abc.tt.OrgABCinsta</td>
<td></td>
<td>0</td>
<td>org.abc.tt.OrgABCinsta@175b9425</td></tr>
<tr>
<td title='org.abc.tt.Browserhandler.calender()'><b>calender</b><br>Test class: org.abc.tt.Browserhandler</td>
<td></td>
<td>5</td>
<td>org.abc.tt.Browserhandler@2638011</td></tr>
<tr>
<td title='sakkujava2.DemoTestNG7.printdata3()'><b>printdata3</b><br>Test class: sakkujava2.DemoTestNG7</td>
<td></td>
<td>0</td>
<td>sakkujava2.DemoTestNG7@11c9af63</td></tr>
<tr>
<td title='sakkujava2.DemoTestNG6.printdata()'><b>printdata</b><br>Test class: sakkujava2.DemoTestNG6</td>
<td></td>
<td>0</td>
<td>sakkujava2.DemoTestNG6@574b560f</td></tr>
<tr>
<td title='testngdemo.DemoTestNG9.printdata()'><b>printdata</b><br>Test class: testngdemo.DemoTestNG9</td>
<td></td>
<td>0</td>
<td>testngdemo.DemoTestNG9@671a5887</td></tr>
<tr>
<td title='sakkujava2.DemoTestNG9.printdata2()'><b>printdata2</b><br>Test class: sakkujava2.DemoTestNG9</td>
<td></td>
<td>0</td>
<td>sakkujava2.DemoTestNG9@87a85e1</td></tr>
<tr>
<td title='sakkujava2.DemoTestNG6.printdata3()'><b>printdata3</b><br>Test class: sakkujava2.DemoTestNG6</td>
<td></td>
<td>0</td>
<td>sakkujava2.DemoTestNG6@574b560f</td></tr>
<tr>
<td title='sakkujava2.DemoTestNG8.printdata()'><b>printdata</b><br>Test class: sakkujava2.DemoTestNG8</td>
<td></td>
<td>0</td>
<td>sakkujava2.DemoTestNG8@757acd7b</td></tr>
<tr>
<td title='sakkujava2.DemoTestNG2.printdata()'><b>printdata</b><br>Test class: sakkujava2.DemoTestNG2</td>
<td></td>
<td>0</td>
<td>sakkujava2.DemoTestNG2@71c3b41</td></tr>
<tr>
<td title='testngdemo.DemoTestNG5.printdata3()'><b>printdata3</b><br>Test class: testngdemo.DemoTestNG5</td>
<td></td>
<td>0</td>
<td>testngdemo.DemoTestNG5@69fb6037</td></tr>
<tr>
<td title='sakkujava2.DemoTestNG4.printdata3()'><b>printdata3</b><br>Test class: sakkujava2.DemoTestNG4</td>
<td></td>
<td>0</td>
<td>sakkujava2.DemoTestNG4@343570b7</td></tr>
<tr>
<td title='testngdemo.DemoTestNG2.printdata3()'><b>printdata3</b><br>Test class: testngdemo.DemoTestNG2</td>
<td></td>
<td>0</td>
<td>testngdemo.DemoTestNG2@ba54932</td></tr>
<tr>
<td title='sakkujava2.DemoTestNG4.printdata()'><b>printdata</b><br>Test class: sakkujava2.DemoTestNG4</td>
<td></td>
<td>0</td>
<td>sakkujava2.DemoTestNG4@343570b7</td></tr>
<tr>
<td title='sakkujava2.DemoTestNG8.printdata1()'><b>printdata1</b><br>Test class: sakkujava2.DemoTestNG8</td>
<td></td>
<td>0</td>
<td>sakkujava2.DemoTestNG8@757acd7b</td></tr>
<tr>
<td title='sakkujava2.DemoTestNG3.printdata3()'><b>printdata3</b><br>Test class: sakkujava2.DemoTestNG3</td>
<td></td>
<td>0</td>
<td>sakkujava2.DemoTestNG3@28975c28</td></tr>
<tr>
<td title='sakkujava2.DemoTestNG7.printdata1()'><b>printdata1</b><br>Test class: sakkujava2.DemoTestNG7</td>
<td></td>
<td>0</td>
<td>sakkujava2.DemoTestNG7@11c9af63</td></tr>
<tr>
<td title='sakkujava2.DemoTestNG4.printdata1()'><b>printdata1</b><br>Test class: sakkujava2.DemoTestNG4</td>
<td></td>
<td>0</td>
<td>sakkujava2.DemoTestNG4@343570b7</td></tr>
<tr>
<td title='testngdemo.DemoTestNG7.printdata1()'><b>printdata1</b><br>Test class: testngdemo.DemoTestNG7</td>
<td></td>
<td>0</td>
<td>testngdemo.DemoTestNG7@3cc1435c</td></tr>
<tr>
<td title='testngdemo.DemoTestNG9.printdata1()'><b>printdata1</b><br>Test class: testngdemo.DemoTestNG9</td>
<td></td>
<td>0</td>
<td>testngdemo.DemoTestNG9@671a5887</td></tr>
<tr>
<td title='sakkujava2.DemoTestNG5.printdata2()'><b>printdata2</b><br>Test class: sakkujava2.DemoTestNG5</td>
<td></td>
<td>0</td>
<td>sakkujava2.DemoTestNG5@36b4fe2a</td></tr>
<tr>
<td title='testngdemo.DemoTestNG8.printdata1()'><b>printdata1</b><br>Test class: testngdemo.DemoTestNG8</td>
<td></td>
<td>0</td>
<td>testngdemo.DemoTestNG8@36d585c</td></tr>
<tr>
<td title='sakkujava2.DemoTestNG6.printdata2()'><b>printdata2</b><br>Test class: sakkujava2.DemoTestNG6</td>
<td></td>
<td>0</td>
<td>sakkujava2.DemoTestNG6@574b560f</td></tr>
<tr>
<td title='sakkujava2.DemoTestNG2.printdata1()'><b>printdata1</b><br>Test class: sakkujava2.DemoTestNG2</td>
<td></td>
<td>0</td>
<td>sakkujava2.DemoTestNG2@71c3b41</td></tr>
<tr>
<td title='testngdemo.DemoTestNG5.printdata()'><b>printdata</b><br>Test class: testngdemo.DemoTestNG5</td>
<td></td>
<td>0</td>
<td>testngdemo.DemoTestNG5@69fb6037</td></tr>
<tr>
<td title='sakkujava2.DemoTestNG9.printdata1()'><b>printdata1</b><br>Test class: sakkujava2.DemoTestNG9</td>
<td></td>
<td>0</td>
<td>sakkujava2.DemoTestNG9@87a85e1</td></tr>
<tr>
<td title='sakkujava2.DemoTestNG9.printdata()'><b>printdata</b><br>Test class: sakkujava2.DemoTestNG9</td>
<td></td>
<td>0</td>
<td>sakkujava2.DemoTestNG9@87a85e1</td></tr>
<tr>
<td title='testngdemo.DemoTestNG8.printdata2()'><b>printdata2</b><br>Test class: testngdemo.DemoTestNG8</td>
<td></td>
<td>0</td>
<td>testngdemo.DemoTestNG8@36d585c</td></tr>
<tr>
<td title='testngdemo.DemoTestNG.printdata3()'><b>printdata3</b><br>Test class: testngdemo.DemoTestNG</td>
<td></td>
<td>0</td>
<td>testngdemo.DemoTestNG@313b2ea6</td></tr>
<tr>
<td title='testngdemo.DemoTestNG3.printdata1()'><b>printdata1</b><br>Test class: testngdemo.DemoTestNG3</td>
<td></td>
<td>0</td>
<td>testngdemo.DemoTestNG3@3943a2be</td></tr>
<tr>
<td title='testngdemo.DemoTestNG7.printdata2()'><b>printdata2</b><br>Test class: testngdemo.DemoTestNG7</td>
<td></td>
<td>0</td>
<td>testngdemo.DemoTestNG7@3cc1435c</td></tr>
<tr>
<td title='sakkujava2.DemoTestNG5.printdata1()'><b>printdata1</b><br>Test class: sakkujava2.DemoTestNG5</td>
<td></td>
<td>0</td>
<td>sakkujava2.DemoTestNG5@36b4fe2a</td></tr>
<tr>
<td title='testngdemo.DemoTestNG4.printdata2()'><b>printdata2</b><br>Test class: testngdemo.DemoTestNG4</td>
<td></td>
<td>0</td>
<td>testngdemo.DemoTestNG4@5f16132a</td></tr>
<tr>
<td title='testngdemo.DemoTestNG5.printdata1()'><b>printdata1</b><br>Test class: testngdemo.DemoTestNG5</td>
<td></td>
<td>0</td>
<td>testngdemo.DemoTestNG5@69fb6037</td></tr>
<tr>
<td title='testngdemo.DemoTestNG6.printdata3()'><b>printdata3</b><br>Test class: testngdemo.DemoTestNG6</td>
<td></td>
<td>0</td>
<td>testngdemo.DemoTestNG6@236e3f4e</td></tr>
<tr>
<td title='testngdemo.DemoTestNG4.printdata3()'><b>printdata3</b><br>Test class: testngdemo.DemoTestNG4</td>
<td></td>
<td>0</td>
<td>testngdemo.DemoTestNG4@5f16132a</td></tr>
<tr>
<td title='sakkujava2.DemoTestNG8.printdata3()'><b>printdata3</b><br>Test class: sakkujava2.DemoTestNG8</td>
<td></td>
<td>0</td>
<td>sakkujava2.DemoTestNG8@757acd7b</td></tr>
<tr>
<td title='sakkujava2.DemoTestNG7.printdata2()'><b>printdata2</b><br>Test class: sakkujava2.DemoTestNG7</td>
<td></td>
<td>0</td>
<td>sakkujava2.DemoTestNG7@11c9af63</td></tr>
<tr>
<td title='testngdemo.DemoTestNG6.printdata2()'><b>printdata2</b><br>Test class: testngdemo.DemoTestNG6</td>
<td></td>
<td>0</td>
<td>testngdemo.DemoTestNG6@236e3f4e</td></tr>
<tr>
<td title='testngdemo.DemoTestNG9.printdata3()'><b>printdata3</b><br>Test class: testngdemo.DemoTestNG9</td>
<td></td>
<td>0</td>
<td>testngdemo.DemoTestNG9@671a5887</td></tr>
<tr>
<td title='sakkujava2.DemoTestNG.printdata3()'><b>printdata3</b><br>Test class: sakkujava2.DemoTestNG</td>
<td></td>
<td>0</td>
<td>sakkujava2.DemoTestNG@dd0c991</td></tr>
<tr>
<td title='testngdemo.DemoTestNG6.printdata()'><b>printdata</b><br>Test class: testngdemo.DemoTestNG6</td>
<td></td>
<td>0</td>
<td>testngdemo.DemoTestNG6@236e3f4e</td></tr>
<tr>
<td title='testngdemo.DemoTestNG2.printdata2()'><b>printdata2</b><br>Test class: testngdemo.DemoTestNG2</td>
<td></td>
<td>0</td>
<td>testngdemo.DemoTestNG2@ba54932</td></tr>
<tr>
<td title='testngdemo.DemoTestNG8.printdata3()'><b>printdata3</b><br>Test class: testngdemo.DemoTestNG8</td>
<td></td>
<td>0</td>
<td>testngdemo.DemoTestNG8@36d585c</td></tr>
<tr>
<td title='testngdemo.DemoTestNG9.printdata2()'><b>printdata2</b><br>Test class: testngdemo.DemoTestNG9</td>
<td></td>
<td>0</td>
<td>testngdemo.DemoTestNG9@671a5887</td></tr>
</table><p>
<table width='100%' border='1' class='invocation-skipped'>
<tr><td colspan='4' align='center'><b>SKIPPED TESTS</b></td></tr>
<tr><td><b>Test method</b></td>
<td width="30%"><b>Exception</b></td>
<td width="10%"><b>Time (seconds)</b></td>
<td><b>Instance</b></td>
</tr>
<tr>
<td title='sakkujava2.DemoTestNG.printdata2()'><b>printdata2</b><br>Test class: sakkujava2.DemoTestNG</td>
<td><div><pre>java.lang.Throwable: Method DemoTestNG.printdata2()[pri:0, instance:sakkujava2.DemoTestNG@dd0c991] depends on not successfully finished methods
	at java.base/java.util.ArrayList.forEach(ArrayList.java:1597)
... Removed 18 stack frames</pre></div><a href='#' onClick='toggleBox("stack-trace1564078808", this, "Click to show all stack frames", "Click to hide stack frames")'>Click to show all stack frames</a>
<div class='stack-trace' id='stack-trace1564078808'><pre>java.lang.Throwable: Method DemoTestNG.printdata2()[pri:0, instance:sakkujava2.DemoTestNG@dd0c991] depends on not successfully finished methods
	at org.testng.internal.TestInvoker.invokeTestMethods(TestInvoker.java:102)
	at org.testng.internal.TestMethodWorker.invokeTestMethods(TestMethodWorker.java:146)
	at org.testng.internal.TestMethodWorker.run(TestMethodWorker.java:128)
	at java.base/java.util.ArrayList.forEach(ArrayList.java:1597)
	at org.testng.TestRunner.privateRun(TestRunner.java:794)
	at org.testng.TestRunner.run(TestRunner.java:596)
	at org.testng.SuiteRunner.runTest(SuiteRunner.java:377)
	at org.testng.SuiteRunner.runSequentially(SuiteRunner.java:371)
	at org.testng.SuiteRunner.privateRun(SuiteRunner.java:332)
	at org.testng.SuiteRunner.run(SuiteRunner.java:276)
	at org.testng.SuiteRunnerWorker.runSuite(SuiteRunnerWorker.java:53)
	at org.testng.SuiteRunnerWorker.run(SuiteRunnerWorker.java:96)
	at org.testng.TestNG.runSuitesSequentially(TestNG.java:1212)
	at org.testng.TestNG.runSuitesLocally(TestNG.java:1134)
	at org.testng.TestNG.runSuites(TestNG.java:1063)
	at org.testng.TestNG.run(TestNG.java:1031)
	at org.testng.remote.AbstractRemoteTestNG.run(AbstractRemoteTestNG.java:115)
	at org.testng.remote.RemoteTestNG.initAndRun(RemoteTestNG.java:293)
	at org.testng.remote.RemoteTestNG.main(RemoteTestNG.java:91)
</pre></div></td>
<td>0</td>
<td>sakkujava2.DemoTestNG@dd0c991</td></tr>
<tr>
<td title='testngdemo.DemoTestNG.printdata2()'><b>printdata2</b><br>Test class: testngdemo.DemoTestNG</td>
<td><div><pre>java.lang.Throwable: Method DemoTestNG.printdata2()[pri:0, instance:testngdemo.DemoTestNG@313b2ea6] depends on not successfully finished methods
	at java.base/java.util.ArrayList.forEach(ArrayList.java:1597)
... Removed 18 stack frames</pre></div><a href='#' onClick='toggleBox("stack-trace688593710", this, "Click to show all stack frames", "Click to hide stack frames")'>Click to show all stack frames</a>
<div class='stack-trace' id='stack-trace688593710'><pre>java.lang.Throwable: Method DemoTestNG.printdata2()[pri:0, instance:testngdemo.DemoTestNG@313b2ea6] depends on not successfully finished methods
	at org.testng.internal.TestInvoker.invokeTestMethods(TestInvoker.java:102)
	at org.testng.internal.TestMethodWorker.invokeTestMethods(TestMethodWorker.java:146)
	at org.testng.internal.TestMethodWorker.run(TestMethodWorker.java:128)
	at java.base/java.util.ArrayList.forEach(ArrayList.java:1597)
	at org.testng.TestRunner.privateRun(TestRunner.java:794)
	at org.testng.TestRunner.run(TestRunner.java:596)
	at org.testng.SuiteRunner.runTest(SuiteRunner.java:377)
	at org.testng.SuiteRunner.runSequentially(SuiteRunner.java:371)
	at org.testng.SuiteRunner.privateRun(SuiteRunner.java:332)
	at org.testng.SuiteRunner.run(SuiteRunner.java:276)
	at org.testng.SuiteRunnerWorker.runSuite(SuiteRunnerWorker.java:53)
	at org.testng.SuiteRunnerWorker.run(SuiteRunnerWorker.java:96)
	at org.testng.TestNG.runSuitesSequentially(TestNG.java:1212)
	at org.testng.TestNG.runSuitesLocally(TestNG.java:1134)
	at org.testng.TestNG.runSuites(TestNG.java:1063)
	at org.testng.TestNG.run(TestNG.java:1031)
	at org.testng.remote.AbstractRemoteTestNG.run(AbstractRemoteTestNG.java:115)
	at org.testng.remote.RemoteTestNG.initAndRun(RemoteTestNG.java:293)
	at org.testng.remote.RemoteTestNG.main(RemoteTestNG.java:91)
</pre></div></td>
<td>0</td>
<td>testngdemo.DemoTestNG@313b2ea6</td></tr>
</table><p>
</body>
</html>