<?xml version="1.0" encoding="UTF-8"?>
<!-- Generated by org.testng.reporters.JUnitXMLReporter -->
<testsuite ignored="6" hostname="DESKTOP-O4CD7HI" failures="7" tests="78" name="Test" time="44.647" errors="0" timestamp="2024-10-22T17:37:38 PDT">
  <testcase classname="org.abc.tt.Fetchdata" name="logindata" time="3.786">
    <failure type="java.lang.AssertionError" message="expected [Login &amp;amp; Signup Form] but found [Facebook - log in or sign up]">
      <![CDATA[java.lang.AssertionError: expected [Login & Signup Form] but found [Facebook - log in or sign up]
at org.abc.tt.Fetchdata.logindata(Fetchdata.java:34)
at java.base/java.util.ArrayList.forEach(ArrayList.java:1597)
... Removed 31 stack frames]]>
    </failure>
  </testcase> <!-- logindata -->
  <testcase classname="org.abc.tt.Browserhandler" name="calender" time="5.531"/>
  <testcase classname="testngdemo.DemoTestNG" name="printdata1" time="0.0">
    <failure type="java.lang.AssertionError" message="expected [HelloO] but found [Hello]">
      <![CDATA[java.lang.AssertionError: expected [HelloO] but found [Hello]
at testngdemo.DemoTestNG.printdata1(DemoTestNG.java:25)
at java.base/java.util.ArrayList.forEach(ArrayList.java:1597)
... Removed 31 stack frames]]>
    </failure>
  </testcase> <!-- printdata1 -->
  <testcase classname="testngdemo.DemoTestNG" name="printdata" time="0.003">
    <failure type="java.lang.AssertionError" message="expected [2000] but found [200]">
      <![CDATA[java.lang.AssertionError: expected [2000] but found [200]
at testngdemo.DemoTestNG.printdata(DemoTestNG.java:15)
at java.base/java.util.ArrayList.forEach(ArrayList.java:1597)
... Removed 31 stack frames]]>
    </failure>
  </testcase> <!-- printdata -->
  <testcase classname="testngdemo.DemoTestNG" name="printdata3" time="0.005"/>
  <testcase classname="testngdemo.DemoTestNG" name="printdata2" time="0.0">
    <skipped/>
  </testcase> <!-- printdata2 -->
  <testcase classname="org.abc.tt.Waitswebdriver" name="logindata" time="5.139">
    <failure type="java.lang.UnsupportedOperationException" message="You may only deselect options of a multi-select">
      <![CDATA[java.lang.UnsupportedOperationException: You may only deselect options of a multi-select
at org.openqa.selenium.support.ui.Select.deselectByVisibleText(Select.java:270)
at org.abc.tt.Waitswebdriver.logindata(Waitswebdriver.java:49)
at java.base/java.util.ArrayList.forEach(ArrayList.java:1597)
... Removed 25 stack frames]]>
    </failure>
  </testcase> <!-- logindata -->
  <testcase classname="org.abc.tt.OrgABCinsta" name="login_f" time="0.187"/>
  <testcase classname="org.abc.tt.OrgABCinsta" name="singup" time="1.021">
    <failure type="org.openqa.selenium.NoSuchElementException" message="no such element: Unable to locate element: {&amp;quot;method&amp;quot;:&amp;quot;css selector&amp;quot;,&amp;quot;selector&amp;quot;:&amp;quot;.websubmit&amp;quot;}
  (Session info: MicrosoftEdge=129.0.2792.89)
For documentation on this error, please visit: https://www.selenium.dev/documentation/webdriver/troubleshooting/errors#no-such-element-exception
Build info: version: &amp;apos;4.25.0&amp;apos;, revision: &amp;apos;8a8aea2337&amp;apos;
System info: os.name: &amp;apos;Windows 11&amp;apos;, os.arch: &amp;apos;amd64&amp;apos;, os.version: &amp;apos;10.0&amp;apos;, java.version: &amp;apos;23&amp;apos;
Driver info: org.openqa.selenium.edge.EdgeDriver
Command: [1f44a3e57e87717bda6b7bd31c0a50ca, findElement {value=websubmit, using=class name}]
Capabilities {acceptInsecureCerts: false, browserName: MicrosoftEdge, browserVersion: 129.0.2792.89, fedcm:accounts: true, ms:edgeOptions: {debuggerAddress: localhost:57074}, msedge: {msedgedriverVersion: 129.0.2792.89 (65986ec8d2a8..., userDataDir: C:\Users\sakku\AppData\Loca...}, networkConnectionEnabled: false, pageLoadStrategy: normal, platformName: windows, proxy: Proxy(), se:cdp: ws://localhost:57074/devtoo..., se:cdpVersion: 129.0.2792.89, setWindowRect: true, strictFileInteractability: false, timeouts: {implicit: 0, pageLoad: 300000, script: 30000}, unhandledPromptBehavior: dismiss and notify, webauthn:extension:credBlob: true, webauthn:extension:largeBlob: true, webauthn:extension:minPinLength: true, webauthn:extension:prf: true, webauthn:virtualAuthenticators: true}
Session ID: 1f44a3e57e87717bda6b7bd31c0a50ca">
      <![CDATA[org.openqa.selenium.NoSuchElementException: no such element: Unable to locate element: {"method":"css selector","selector":".websubmit"}
  (Session info: MicrosoftEdge=129.0.2792.89)
For documentation on this error, please visit: https://www.selenium.dev/documentation/webdriver/troubleshooting/errors#no-such-element-exception
Build info: version: '4.25.0', revision: '8a8aea2337'
System info: os.name: 'Windows 11', os.arch: 'amd64', os.version: '10.0', java.version: '23'
Driver info: org.openqa.selenium.edge.EdgeDriver
Command: [1f44a3e57e87717bda6b7bd31c0a50ca, findElement {value=websubmit, using=class name}]
Capabilities {acceptInsecureCerts: false, browserName: MicrosoftEdge, browserVersion: 129.0.2792.89, fedcm:accounts: true, ms:edgeOptions: {debuggerAddress: localhost:57074}, msedge: {msedgedriverVersion: 129.0.2792.89 (65986ec8d2a8..., userDataDir: C:\Users\sakku\AppData\Loca...}, networkConnectionEnabled: false, pageLoadStrategy: normal, platformName: windows, proxy: Proxy(), se:cdp: ws://localhost:57074/devtoo..., se:cdpVersion: 129.0.2792.89, setWindowRect: true, strictFileInteractability: false, timeouts: {implicit: 0, pageLoad: 300000, script: 30000}, unhandledPromptBehavior: dismiss and notify, webauthn:extension:credBlob: true, webauthn:extension:largeBlob: true, webauthn:extension:minPinLength: true, webauthn:extension:prf: true, webauthn:virtualAuthenticators: true}
Session ID: 1f44a3e57e87717bda6b7bd31c0a50ca
at org.openqa.selenium.remote.ErrorCodec.decode(ErrorCodec.java:167)
at org.openqa.selenium.remote.codec.w3c.W3CHttpResponseCodec.decode(W3CHttpResponseCodec.java:138)
at org.openqa.selenium.remote.codec.w3c.W3CHttpResponseCodec.decode(W3CHttpResponseCodec.java:50)
at org.openqa.selenium.remote.HttpCommandExecutor.execute(HttpCommandExecutor.java:190)
at org.openqa.selenium.remote.service.DriverCommandExecutor.invokeExecute(DriverCommandExecutor.java:216)
at org.openqa.selenium.remote.service.DriverCommandExecutor.execute(DriverCommandExecutor.java:174)
at org.openqa.selenium.remote.RemoteWebDriver.execute(RemoteWebDriver.java:545)
at org.openqa.selenium.remote.ElementLocation$ElementFinder$2.findElement(ElementLocation.java:165)
at org.openqa.selenium.remote.ElementLocation.findElement(ElementLocation.java:66)
at org.openqa.selenium.remote.RemoteWebDriver.findElement(RemoteWebDriver.java:368)
at org.openqa.selenium.remote.RemoteWebDriver.findElement(RemoteWebDriver.java:362)
at org.abc.tt.OrgABCinsta.singup(OrgABCinsta.java:39)
at java.base/java.util.ArrayList.forEach(ArrayList.java:1597)
... Removed 28 stack frames]]>
    </failure>
  </testcase> <!-- singup -->
  <testcase classname="sakkujava2.DemoTestNG7" name="printdata" time="0.0"/>
  <testcase classname="sakkujava2.DemoTestNG7" name="printdata1" time="0.001"/>
  <testcase classname="sakkujava2.DemoTestNG7" name="printdata2" time="0.003"/>
  <testcase classname="sakkujava2.DemoTestNG7" name="printdata3" time="0.0"/>
  <testcase classname="sakkujava2.DemoTestNG8" name="printdata" time="0.001"/>
  <testcase classname="sakkujava2.DemoTestNG8" name="printdata1" time="0.0"/>
  <testcase classname="sakkujava2.DemoTestNG8" name="printdata2" time="0.001"/>
  <testcase classname="sakkujava2.DemoTestNG8" name="printdata3" time="0.001"/>
  <testcase classname="sakkujava2.DemoTestNG5" name="printdata" time="0.001"/>
  <testcase classname="sakkujava2.DemoTestNG5" name="printdata1" time="0.001"/>
  <testcase classname="sakkujava2.DemoTestNG5" name="printdata2" time="0.001"/>
  <testcase classname="sakkujava2.DemoTestNG5" name="printdata3" time="0.0"/>
  <testcase classname="sakkujava2.DemoTestNG6" name="printdata" time="0.001"/>
  <testcase classname="sakkujava2.DemoTestNG6" name="printdata1" time="0.001"/>
  <testcase classname="sakkujava2.DemoTestNG6" name="printdata2" time="0.001"/>
  <testcase classname="sakkujava2.DemoTestNG6" name="printdata3" time="0.001"/>
  <testcase classname="testngdemo.DemoTestNG2" name="printdata" time="0.001"/>
  <testcase classname="testngdemo.DemoTestNG2" name="printdata1" time="0.0"/>
  <testcase classname="testngdemo.DemoTestNG2" name="printdata2" time="0.0"/>
  <testcase classname="testngdemo.DemoTestNG2" name="printdata3" time="0.0"/>
  <testcase classname="sakkujava2.DemoTestNG3" name="printdata" time="0.0"/>
  <testcase classname="sakkujava2.DemoTestNG3" name="printdata1" time="0.0"/>
  <testcase classname="sakkujava2.DemoTestNG3" name="printdata2" time="0.001"/>
  <testcase classname="sakkujava2.DemoTestNG3" name="printdata3" time="0.0"/>
  <testcase classname="testngdemo.DemoTestNG3" name="printdata" time="0.003"/>
  <testcase classname="testngdemo.DemoTestNG3" name="printdata1" time="0.0"/>
  <testcase classname="testngdemo.DemoTestNG3" name="printdata2" time="0.001"/>
  <testcase classname="testngdemo.DemoTestNG3" name="printdata3" time="0.001"/>
  <testcase classname="sakkujava2.DemoTestNG4" name="printdata" time="0.001"/>
  <testcase classname="sakkujava2.DemoTestNG4" name="printdata1" time="0.0"/>
  <testcase classname="sakkujava2.DemoTestNG4" name="printdata2" time="0.003"/>
  <testcase classname="sakkujava2.DemoTestNG4" name="printdata3" time="0.002"/>
  <testcase classname="org.abc.tt.Handlerkeymouse" name="keybord" time="21.33"/>
  <testcase classname="sakkujava2.DemoTestNG2" name="printdata" time="0.001"/>
  <testcase classname="sakkujava2.DemoTestNG2" name="printdata1" time="0.0"/>
  <testcase classname="sakkujava2.DemoTestNG2" name="printdata2" time="0.001"/>
  <testcase classname="sakkujava2.DemoTestNG2" name="printdata3" time="0.001"/>
  <testcase classname="testngdemo.DemoTestNG6" name="printdata" time="0.001"/>
  <testcase classname="testngdemo.DemoTestNG6" name="printdata1" time="0.0"/>
  <testcase classname="testngdemo.DemoTestNG6" name="printdata2" time="0.002"/>
  <testcase classname="testngdemo.DemoTestNG6" name="printdata3" time="0.0"/>
  <testcase classname="testngdemo.DemoTestNG7" name="printdata" time="0.001"/>
  <testcase classname="testngdemo.DemoTestNG7" name="printdata1" time="0.0"/>
  <testcase classname="testngdemo.DemoTestNG7" name="printdata2" time="0.001"/>
  <testcase classname="testngdemo.DemoTestNG7" name="printdata3" time="0.001"/>
  <testcase classname="sakkujava2.DemoTestNG" name="printdata" time="0.0">
    <failure type="java.lang.AssertionError" message="expected [2000] but found [200]">
      <![CDATA[java.lang.AssertionError: expected [2000] but found [200]
at sakkujava2.DemoTestNG.printdata(DemoTestNG.java:15)
at java.base/java.util.ArrayList.forEach(ArrayList.java:1597)
... Removed 31 stack frames]]>
    </failure>
  </testcase> <!-- printdata -->
  <testcase classname="sakkujava2.DemoTestNG" name="printdata1" time="0.002">
    <failure type="java.lang.AssertionError" message="expected [HelloO] but found [Hello]">
      <![CDATA[java.lang.AssertionError: expected [HelloO] but found [Hello]
at sakkujava2.DemoTestNG.printdata1(DemoTestNG.java:25)
at java.base/java.util.ArrayList.forEach(ArrayList.java:1597)
... Removed 31 stack frames]]>
    </failure>
  </testcase> <!-- printdata1 -->
  <testcase classname="sakkujava2.DemoTestNG" name="printdata3" time="0.0"/>
  <testcase classname="sakkujava2.DemoTestNG" name="printdata2" time="0.0">
    <skipped/>
  </testcase> <!-- printdata2 -->
  <testcase classname="testngdemo.DemoTestNG4" name="printdata" time="0.0"/>
  <testcase classname="testngdemo.DemoTestNG4" name="printdata1" time="0.0"/>
  <testcase classname="testngdemo.DemoTestNG4" name="printdata2" time="0.0"/>
  <testcase classname="testngdemo.DemoTestNG4" name="printdata3" time="0.002"/>
  <testcase classname="testngdemo.DemoTestNG5" name="printdata" time="0.001"/>
  <testcase classname="testngdemo.DemoTestNG5" name="printdata1" time="0.0"/>
  <testcase classname="testngdemo.DemoTestNG5" name="printdata2" time="0.001"/>
  <testcase classname="testngdemo.DemoTestNG5" name="printdata3" time="0.001"/>
  <testcase classname="testngdemo.DemoTestNG8" name="printdata" time="0.001"/>
  <testcase classname="testngdemo.DemoTestNG8" name="printdata1" time="0.0"/>
  <testcase classname="testngdemo.DemoTestNG8" name="printdata2" time="0.0"/>
  <testcase classname="testngdemo.DemoTestNG8" name="printdata3" time="0.0"/>
  <testcase classname="sakkujava2.DemoTestNG9" name="printdata" time="0.0"/>
  <testcase classname="sakkujava2.DemoTestNG9" name="printdata1" time="0.0"/>
  <testcase classname="sakkujava2.DemoTestNG9" name="printdata2" time="0.0"/>
  <testcase classname="sakkujava2.DemoTestNG9" name="printdata3" time="0.001"/>
  <testcase classname="testngdemo.DemoTestNG9" name="printdata" time="0.0"/>
  <testcase classname="testngdemo.DemoTestNG9" name="printdata1" time="0.0"/>
  <testcase classname="testngdemo.DemoTestNG9" name="printdata2" time="0.0"/>
  <testcase classname="testngdemo.DemoTestNG9" name="printdata3" time="0.0"/>
  <testcase classname="org.abc.tt.Browserhandler" name="browser" time="0.0">
    <ignored/>
  </testcase> <!-- browser -->
  <testcase classname="org.abc.tt.Handlerkeymouse" name="alerthandlers" time="0.0">
    <ignored/>
  </testcase> <!-- alerthandlers -->
  <testcase classname="org.abc.tt.Handlerkeymouse" name="mouse" time="0.0">
    <ignored/>
  </testcase> <!-- mouse -->
  <testcase classname="org.abc.tt.Handlerkeymouse" name="frame" time="0.0">
    <ignored/>
  </testcase> <!-- frame -->
  <testcase classname="org.abc.tt.Browserhandler" name="logindata" time="0.0">
    <ignored/>
  </testcase> <!-- logindata -->
  <testcase classname="org.abc.tt.Browserhandler" name="diffbuttons" time="0.0">
    <ignored/>
  </testcase> <!-- diffbuttons -->
</testsuite> <!-- Test -->
